# JRE version: OpenJDK Runtime Environment (8.0_202-b03) (build 1.8.0_202-release-1483-b03)
# Java VM: OpenJDK 64-Bit Server VM (25.202-b03 mixed mode windows-amd64 compressed oops)
Heap:
 PSYoungGen      total 417280K, used 132914K [0x00000000e0000000, 0x00000000ff580000, 0x0000000100000000)
  eden space 318976K, 39% used [0x00000000e0000000,0x00000000e79a6948,0x00000000f3780000)
  from space 98304K, 8% used [0x00000000f9580000,0x00000000f9da6018,0x00000000ff580000)
  to   space 96256K, 0% used [0x00000000f3780000,0x00000000f3780000,0x00000000f9580000)
 ParOldGen       total 464384K, used 84817K [0x00000000a0000000, 0x00000000bc580000, 0x00000000e0000000)
  object space 464384K, 18% used [0x00000000a0000000,0x00000000a52d4678,0x00000000bc580000)
 Metaspace       used 146524K, capacity 155478K, committed 187212K, reserved 1212416K
  class space    used 18268K, capacity 19774K, committed 24192K, reserved 1048576K
GC Heap History (10 events):
Event: 23391.266 GC heap before
{Heap before GC invocations=143 (full 11):
 PSYoungGen      total 415744K, used 316226K [0x00000000e0000000, 0x00000000ffe80000, 0x0000000100000000)
  eden space 307200K, 100% used [0x00000000e0000000,0x00000000f2c00000,0x00000000f2c00000)
  from space 108544K, 8% used [0x00000000f2c00000,0x00000000f34d0ae0,0x00000000f9600000)
  to   space 104448K, 0% used [0x00000000f9880000,0x00000000f9880000,0x00000000ffe80000)
 ParOldGen       total 464384K, used 84785K [0x00000000a0000000, 0x00000000bc580000, 0x00000000e0000000)
  object space 464384K, 18% used [0x00000000a0000000,0x00000000a52cc678,0x00000000bc580000)
 Metaspace       used 146411K, capacity 155410K, committed 187212K, reserved 1212416K
  class space    used 18268K, capacity 19774K, committed 24192K, reserved 1048576K
Event: 23391.292 GC heap after
Heap after GC invocations=143 (full 11):
 PSYoungGen      total 407040K, used 4512K [0x00000000e0000000, 0x00000000ff600000, 0x0000000100000000)
  eden space 311296K, 0% used [0x00000000e0000000,0x00000000e0000000,0x00000000f3000000)
  from space 95744K, 4% used [0x00000000f9880000,0x00000000f9ce8020,0x00000000ff600000)
  to   space 101376K, 0% used [0x00000000f3000000,0x00000000f3000000,0x00000000f9300000)
 ParOldGen       total 464384K, used 84793K [0x00000000a0000000, 0x00000000bc580000, 0x00000000e0000000)
  object space 464384K, 18% used [0x00000000a0000000,0x00000000a52ce678,0x00000000bc580000)
 Metaspace       used 146411K, capacity 155410K, committed 187212K, reserved 1212416K
  class space    used 18268K, capacity 19774K, committed 24192K, reserved 1048576K
}
Event: 23393.375 GC heap before
{Heap before GC invocations=144 (full 11):
 PSYoungGen      total 407040K, used 315808K [0x00000000e0000000, 0x00000000ff600000, 0x0000000100000000)
  eden space 311296K, 100% used [0x00000000e0000000,0x00000000f3000000,0x00000000f3000000)
  from space 95744K, 4% used [0x00000000f9880000,0x00000000f9ce8020,0x00000000ff600000)
  to   space 101376K, 0% used [0x00000000f3000000,0x00000000f3000000,0x00000000f9300000)
 ParOldGen       total 464384K, used 84793K [0x00000000a0000000, 0x00000000bc580000, 0x00000000e0000000)
  object space 464384K, 18% used [0x00000000a0000000,0x00000000a52ce678,0x00000000bc580000)
 Metaspace       used 146428K, capacity 155410K, committed 187212K, reserved 1212416K
  class space    used 18268K, capacity 19774K, committed 24192K, reserved 1048576K
Event: 23393.451 GC heap after
Heap after GC invocations=144 (full 11):
 PSYoungGen      total 412672K, used 72244K [0x00000000e0000000, 0x0000000100000000, 0x0000000100000000)
  eden space 311296K, 0% used [0x00000000e0000000,0x00000000e0000000,0x00000000f3000000)
  from space 101376K, 71% used [0x00000000f3000000,0x00000000f768d0a0,0x00000000f9300000)
  to   space 110592K, 0% used [0x00000000f9400000,0x00000000f9400000,0x0000000100000000)
 ParOldGen       total 464384K, used 84801K [0x00000000a0000000, 0x00000000bc580000, 0x00000000e0000000)
  object space 464384K, 18% used [0x00000000a0000000,0x00000000a52d0678,0x00000000bc580000)
 Metaspace       used 146428K, capacity 155410K, committed 187212K, reserved 1212416K
  class space    used 18268K, capacity 19774K, committed 24192K, reserved 1048576K
}
Event: 23467.993 GC heap before
{Heap before GC invocations=145 (full 11):
 PSYoungGen      total 412672K, used 383540K [0x00000000e0000000, 0x0000000100000000, 0x0000000100000000)
  eden space 311296K, 100% used [0x00000000e0000000,0x00000000f3000000,0x00000000f3000000)
  from space 101376K, 71% used [0x00000000f3000000,0x00000000f768d0a0,0x00000000f9300000)
  to   space 110592K, 0% used [0x00000000f9400000,0x00000000f9400000,0x0000000100000000)
 ParOldGen       total 464384K, used 84801K [0x00000000a0000000, 0x00000000bc580000, 0x00000000e0000000)
  object space 464384K, 18% used [0x00000000a0000000,0x00000000a52d0678,0x00000000bc580000)
 Metaspace       used 146484K, capacity 155414K, committed 187212K, reserved 1212416K
  class space    used 18268K, capacity 19774K, committed 24192K, reserved 1048576K
Event: 23468.028 GC heap after
Heap after GC invocations=145 (full 11):
 PSYoungGen      total 415744K, used 33158K [0x00000000e0000000, 0x00000000ffb00000, 0x0000000100000000)
  eden space 310272K, 0% used [0x00000000e0000000,0x00000000e0000000,0x00000000f2f00000)
  from space 105472K, 31% used [0x00000000f9400000,0x00000000fb461ac0,0x00000000ffb00000)
  to   space 103424K, 0% used [0x00000000f2f00000,0x00000000f2f00000,0x00000000f9400000)
 ParOldGen       total 464384K, used 84809K [0x00000000a0000000, 0x00000000bc580000, 0x00000000e0000000)
  object space 464384K, 18% used [0x00000000a0000000,0x00000000a52d2678,0x00000000bc580000)
 Metaspace       used 146484K, capacity 155414K, committed 187212K, reserved 1212416K
  class space    used 18268K, capacity 19774K, committed 24192K, reserved 1048576K
}
Event: 23547.405 GC heap before
{Heap before GC invocations=146 (full 11):
 PSYoungGen      total 415744K, used 343430K [0x00000000e0000000, 0x00000000ffb00000, 0x0000000100000000)
  eden space 310272K, 100% used [0x00000000e0000000,0x00000000f2f00000,0x00000000f2f00000)
  from space 105472K, 31% used [0x00000000f9400000,0x00000000fb461ac0,0x00000000ffb00000)
  to   space 103424K, 0% used [0x00000000f2f00000,0x00000000f2f00000,0x00000000f9400000)
 ParOldGen       total 464384K, used 84809K [0x00000000a0000000, 0x00000000bc580000, 0x00000000e0000000)
  object space 464384K, 18% used [0x00000000a0000000,0x00000000a52d2678,0x00000000bc580000)
 Metaspace       used 146503K, capacity 155478K, committed 187212K, reserved 1212416K
  class space    used 18268K, capacity 19774K, committed 24192K, reserved 1048576K
Event: 23547.427 GC heap after
Heap after GC invocations=146 (full 11):
 PSYoungGen      total 413696K, used 10849K [0x00000000e0000000, 0x00000000ff700000, 0x0000000100000000)
  eden space 310272K, 0% used [0x00000000e0000000,0x00000000e0000000,0x00000000f2f00000)
  from space 103424K, 10% used [0x00000000f2f00000,0x00000000f3998540,0x00000000f9400000)
  to   space 99840K, 0% used [0x00000000f9580000,0x00000000f9580000,0x00000000ff700000)
 ParOldGen       total 464384K, used 84817K [0x00000000a0000000, 0x00000000bc580000, 0x00000000e0000000)
  object space 464384K, 18% used [0x00000000a0000000,0x00000000a52d4678,0x00000000bc580000)
 Metaspace       used 146503K, capacity 155478K, committed 187212K, reserved 1212416K
  class space    used 18268K, capacity 19774K, committed 24192K, reserved 1048576K
}
Event: 23549.686 GC heap before
{Heap before GC invocations=147 (full 11):
 PSYoungGen      total 413696K, used 321121K [0x00000000e0000000, 0x00000000ff700000, 0x0000000100000000)
  eden space 310272K, 100% used [0x00000000e0000000,0x00000000f2f00000,0x00000000f2f00000)
  from space 103424K, 10% used [0x00000000f2f00000,0x00000000f3998540,0x00000000f9400000)
  to   space 99840K, 0% used [0x00000000f9580000,0x00000000f9580000,0x00000000ff700000)
 ParOldGen       total 464384K, used 84817K [0x00000000a0000000, 0x00000000bc580000, 0x00000000e0000000)
  object space 464384K, 18% used [0x00000000a0000000,0x00000000a52d4678,0x00000000bc580000)
 Metaspace       used 146515K, capacity 155478K, committed 187212K, reserved 1212416K
  class space    used 18268K, capacity 19774K, committed 24192K, reserved 1048576K
Event: 23549.769 GC heap after
Heap after GC invocations=147 (full 11):
 PSYoungGen      total 417280K, used 8344K [0x00000000e0000000, 0x00000000ff580000, 0x0000000100000000)
  eden space 318976K, 0% used [0x00000000e0000000,0x00000000e0000000,0x00000000f3780000)
  from space 98304K, 8% used [0x00000000f9580000,0x00000000f9da6018,0x00000000ff580000)
  to   space 96256K, 0% used [0x00000000f3780000,0x00000000f3780000,0x00000000f9580000)
 ParOldGen       total 464384K, used 84817K [0x00000000a0000000, 0x00000000bc580000, 0x00000000e0000000)
  object space 464384K, 18% used [0x00000000a0000000,0x00000000a52d4678,0x00000000bc580000)
 Metaspace       used 146515K, capacity 155478K, committed 187212K, reserved 1212416K
  class space    used 18268K, capacity 19774K, committed 24192K, reserved 1048576K
}

