# JRE version: OpenJDK Runtime Environment (8.0_202-b03) (build 1.8.0_202-release-1483-b03)
# Java VM: OpenJDK 64-Bit Server VM (25.202-b03 mixed mode windows-amd64 compressed oops)
Heap:
 PSYoungGen      total 266240K, used 46962K [0x00000000d6000000, 0x00000000e9100000, 0x0000000100000000)
  eden space 225280K, 11% used [0x00000000d6000000,0x00000000d7a3fe80,0x00000000e3c00000)
  from space 40960K, 49% used [0x00000000e6900000,0x00000000e7c9cc58,0x00000000e9100000)
  to   space 43520K, 0% used [0x00000000e3c00000,0x00000000e3c00000,0x00000000e6680000)
 ParOldGen       total 209408K, used 71896K [0x0000000082000000, 0x000000008ec80000, 0x00000000d6000000)
  object space 209408K, 34% used [0x0000000082000000,0x0000000086636250,0x000000008ec80000)
 Metaspace       used 65901K, capacity 67570K, committed 67968K, reserved 1110016K
  class space    used 7552K, capacity 7956K, committed 8064K, reserved 1048576K
GC Heap History (10 events):
Event: 14.840 GC heap before
{Heap before GC invocations=11 (full 2):
 PSYoungGen      total 195072K, used 195065K [0x00000000d6000000, 0x00000000e5080000, 0x0000000100000000)
  eden space 159232K, 100% used [0x00000000d6000000,0x00000000dfb80000,0x00000000dfb80000)
  from space 35840K, 99% used [0x00000000e2400000,0x00000000e46fe7d0,0x00000000e4700000)
  to   space 41472K, 0% used [0x00000000dfb80000,0x00000000dfb80000,0x00000000e2400000)
 ParOldGen       total 127488K, used 53859K [0x0000000082000000, 0x0000000089c80000, 0x00000000d6000000)
  object space 127488K, 42% used [0x0000000082000000,0x0000000085498cb8,0x0000000089c80000)
 Metaspace       used 57257K, capacity 58670K, committed 58752K, reserved 1101824K
  class space    used 6864K, capacity 7224K, committed 7296K, reserved 1048576K
Event: 14.938 GC heap after
Heap after GC invocations=11 (full 2):
 PSYoungGen      total 200704K, used 29852K [0x00000000d6000000, 0x00000000e7080000, 0x0000000100000000)
  eden space 159232K, 0% used [0x00000000d6000000,0x00000000d6000000,0x00000000dfb80000)
  from space 41472K, 71% used [0x00000000dfb80000,0x00000000e18a7260,0x00000000e2400000)
  to   space 43520K, 0% used [0x00000000e4600000,0x00000000e4600000,0x00000000e7080000)
 ParOldGen       total 127488K, used 67738K [0x0000000082000000, 0x0000000089c80000, 0x00000000d6000000)
  object space 127488K, 53% used [0x0000000082000000,0x0000000086226ad8,0x0000000089c80000)
 Metaspace       used 57257K, capacity 58670K, committed 58752K, reserved 1101824K
  class space    used 6864K, capacity 7224K, committed 7296K, reserved 1048576K
}
Event: 17.337 GC heap before
{Heap before GC invocations=12 (full 2):
 PSYoungGen      total 200704K, used 135024K [0x00000000d6000000, 0x00000000e7080000, 0x0000000100000000)
  eden space 159232K, 66% used [0x00000000d6000000,0x00000000dc6b4e68,0x00000000dfb80000)
  from space 41472K, 71% used [0x00000000dfb80000,0x00000000e18a7260,0x00000000e2400000)
  to   space 43520K, 0% used [0x00000000e4600000,0x00000000e4600000,0x00000000e7080000)
 ParOldGen       total 127488K, used 67738K [0x0000000082000000, 0x0000000089c80000, 0x00000000d6000000)
  object space 127488K, 53% used [0x0000000082000000,0x0000000086226ad8,0x0000000089c80000)
 Metaspace       used 57642K, capacity 59034K, committed 59160K, reserved 1101824K
  class space    used 6873K, capacity 7230K, committed 7296K, reserved 1048576K
Event: 17.403 GC heap after
Heap after GC invocations=12 (full 2):
 PSYoungGen      total 232960K, used 33918K [0x00000000d6000000, 0x00000000e7780000, 0x0000000100000000)
  eden space 189440K, 0% used [0x00000000d6000000,0x00000000d6000000,0x00000000e1900000)
  from space 43520K, 77% used [0x00000000e4600000,0x00000000e671fbf8,0x00000000e7080000)
  to   space 46080K, 0% used [0x00000000e1900000,0x00000000e1900000,0x00000000e4600000)
 ParOldGen       total 127488K, used 67746K [0x0000000082000000, 0x0000000089c80000, 0x00000000d6000000)
  object space 127488K, 53% used [0x0000000082000000,0x0000000086228ad8,0x0000000089c80000)
 Metaspace       used 57642K, capacity 59034K, committed 59160K, reserved 1101824K
  class space    used 6873K, capacity 7230K, committed 7296K, reserved 1048576K
}
Event: 17.403 GC heap before
{Heap before GC invocations=13 (full 3):
 PSYoungGen      total 232960K, used 33918K [0x00000000d6000000, 0x00000000e7780000, 0x0000000100000000)
  eden space 189440K, 0% used [0x00000000d6000000,0x00000000d6000000,0x00000000e1900000)
  from space 43520K, 77% used [0x00000000e4600000,0x00000000e671fbf8,0x00000000e7080000)
  to   space 46080K, 0% used [0x00000000e1900000,0x00000000e1900000,0x00000000e4600000)
 ParOldGen       total 127488K, used 67746K [0x0000000082000000, 0x0000000089c80000, 0x00000000d6000000)
  object space 127488K, 53% used [0x0000000082000000,0x0000000086228ad8,0x0000000089c80000)
 Metaspace       used 57642K, capacity 59034K, committed 59160K, reserved 1101824K
  class space    used 6873K, capacity 7230K, committed 7296K, reserved 1048576K
Event: 17.884 GC heap after
Heap after GC invocations=13 (full 3):
 PSYoungGen      total 232960K, used 0K [0x00000000d6000000, 0x00000000e7780000, 0x0000000100000000)
  eden space 189440K, 0% used [0x00000000d6000000,0x00000000d6000000,0x00000000e1900000)
  from space 43520K, 0% used [0x00000000e4600000,0x00000000e4600000,0x00000000e7080000)
  to   space 46080K, 0% used [0x00000000e1900000,0x00000000e1900000,0x00000000e4600000)
 ParOldGen       total 209408K, used 71880K [0x0000000082000000, 0x000000008ec80000, 0x00000000d6000000)
  object space 209408K, 34% used [0x0000000082000000,0x0000000086632250,0x000000008ec80000)
 Metaspace       used 57642K, capacity 59034K, committed 59160K, reserved 1101824K
  class space    used 6873K, capacity 7230K, committed 7296K, reserved 1048576K
}
Event: 21.675 GC heap before
{Heap before GC invocations=14 (full 3):
 PSYoungGen      total 232960K, used 189440K [0x00000000d6000000, 0x00000000e7780000, 0x0000000100000000)
  eden space 189440K, 100% used [0x00000000d6000000,0x00000000e1900000,0x00000000e1900000)
  from space 43520K, 0% used [0x00000000e4600000,0x00000000e4600000,0x00000000e7080000)
  to   space 46080K, 0% used [0x00000000e1900000,0x00000000e1900000,0x00000000e4600000)
 ParOldGen       total 209408K, used 71880K [0x0000000082000000, 0x000000008ec80000, 0x00000000d6000000)
  object space 209408K, 34% used [0x0000000082000000,0x0000000086632250,0x000000008ec80000)
 Metaspace       used 58113K, capacity 59532K, committed 59672K, reserved 1101824K
  class space    used 6898K, capacity 7265K, committed 7296K, reserved 1048576K
Event: 21.693 GC heap after
Heap after GC invocations=14 (full 3):
 PSYoungGen      total 235520K, used 10947K [0x00000000d6000000, 0x00000000e9580000, 0x0000000100000000)
  eden space 189440K, 0% used [0x00000000d6000000,0x00000000d6000000,0x00000000e1900000)
  from space 46080K, 23% used [0x00000000e1900000,0x00000000e23b0c18,0x00000000e4600000)
  to   space 45568K, 0% used [0x00000000e6900000,0x00000000e6900000,0x00000000e9580000)
 ParOldGen       total 209408K, used 71888K [0x0000000082000000, 0x000000008ec80000, 0x00000000d6000000)
  object space 209408K, 34% used [0x0000000082000000,0x0000000086634250,0x000000008ec80000)
 Metaspace       used 58113K, capacity 59532K, committed 59672K, reserved 1101824K
  class space    used 6898K, capacity 7265K, committed 7296K, reserved 1048576K
}
Event: 24.464 GC heap before
{Heap before GC invocations=15 (full 3):
 PSYoungGen      total 235520K, used 200387K [0x00000000d6000000, 0x00000000e9580000, 0x0000000100000000)
  eden space 189440K, 100% used [0x00000000d6000000,0x00000000e1900000,0x00000000e1900000)
  from space 46080K, 23% used [0x00000000e1900000,0x00000000e23b0c18,0x00000000e4600000)
  to   space 45568K, 0% used [0x00000000e6900000,0x00000000e6900000,0x00000000e9580000)
 ParOldGen       total 209408K, used 71888K [0x0000000082000000, 0x000000008ec80000, 0x00000000d6000000)
  object space 209408K, 34% used [0x0000000082000000,0x0000000086634250,0x000000008ec80000)
 Metaspace       used 65662K, capacity 67296K, committed 67456K, reserved 1107968K
  class space    used 7549K, capacity 7953K, committed 8064K, reserved 1048576K
Event: 24.509 GC heap after
Heap after GC invocations=15 (full 3):
 PSYoungGen      total 266240K, used 20083K [0x00000000d6000000, 0x00000000e9100000, 0x0000000100000000)
  eden space 225280K, 0% used [0x00000000d6000000,0x00000000d6000000,0x00000000e3c00000)
  from space 40960K, 49% used [0x00000000e6900000,0x00000000e7c9cc58,0x00000000e9100000)
  to   space 43520K, 0% used [0x00000000e3c00000,0x00000000e3c00000,0x00000000e6680000)
 ParOldGen       total 209408K, used 71896K [0x0000000082000000, 0x000000008ec80000, 0x00000000d6000000)
  object space 209408K, 34% used [0x0000000082000000,0x0000000086636250,0x000000008ec80000)
 Metaspace       used 65662K, capacity 67296K, committed 67456K, reserved 1107968K
  class space    used 7549K, capacity 7953K, committed 8064K, reserved 1048576K
}

